State 134 conflicts: 1 shift/reduce


Grammar

    0 $accept: programa $end

    1 programa: INICIO bloque

    2 bloque: inicio_de_bloque declar_variables_locales declar_de_subprogs sentencias fin_de_bloque

    3 declar_de_subprogs: declar_de_subprogs declar_subprog
    4                   | %empty

    5 declar_subprog: cabecera_subprograma bloque

    6 declar_variables_locales: marca_ini_declar_variables variables_locales marca_fin_declar_variables
    7                         | %empty

    8 marca_ini_declar_variables: INI_VAR

    9 marca_fin_declar_variables: FIN_VAR

   10 inicio_de_bloque: INI_BLOQUE

   11 fin_de_bloque: FIN_BLOQUE

   12 variables_locales: variables_locales cuerpo_declar_variables
   13                  | cuerpo_declar_variables

   14 cuerpo_declar_variables: tipo lista_variables PYC
   15                        | error

   16 cabecera_subprograma: PROC IDENTIFICADOR PAR_IZQ lista_parametros PAR_DER
   17                     | error

   18 sentencias: sentencias sentencia
   19           | %empty

   20 sentencia: bloque
   21          | sentencia_asignacion PYC
   22          | sentencia_if
   23          | sentencia_while
   24          | sentencia_entrada PYC
   25          | sentencia_salida PYC
   26          | llamada_procedimiento PYC
   27          | sentencia_do_until PYC
   28          | sentencia_anadir_elemento PYC
   29          | sentencia_eliminar_elemento PYC
   30          | sentencia_return PYC

   31 sentencia_asignacion: IDENTIFICADOR IGUAL expresion
   32                     | acceso_lista IGUAL expresion

   33 sentencia_if: IF PAR_IZQ expresion PAR_DER sentencia
   34             | IF PAR_IZQ expresion PAR_DER sentencia ELSE sentencia

   35 sentencia_while: WHILE PAR_IZQ expresion PAR_DER sentencia

   36 sentencia_entrada: READ lista_variables

   37 sentencia_salida: PRINT lista_expresiones_o_cadena

   38 sentencia_do_until: DO PAR_IZQ sentencia PAR_DER UNTIL PAR_IZQ expresion PAR_DER

   39 sentencia_return: RETURN

   40 expresion: PAR_IZQ expresion PAR_DER
   41          | OP_UNARIO expresion
   42          | MENOS expresion
   43          | expresion OP_BINARIO expresion
   44          | expresion MENOS expresion
   45          | IDENTIFICADOR
   46          | constante
   47          | llamada_procedimiento
   48          | acceso_lista
   49          | error

   50 acceso_lista: IDENTIFICADOR COR_IZQ expresion COR_DER

   51 sentencia_anadir_elemento: INSERT PAR_IZQ IDENTIFICADOR COMA expresion COMA expresion PAR_DER

   52 sentencia_eliminar_elemento: REMOVE PAR_IZQ IDENTIFICADOR COMA expresion PAR_DER

   53 llamada_procedimiento: IDENTIFICADOR PAR_IZQ lista_expresiones PAR_DER

   54 lista_expresiones_o_cadena: lista_expresiones_o_cadena COMA expresion
   55                           | lista_expresiones_o_cadena COMA CADENA
   56                           | CADENA
   57                           | expresion

   58 lista_expresiones: lista_expresiones COMA expresion
   59                  | expresion
   60                  | %empty

   61 lista_variables: IDENTIFICADOR COMA lista_variables
   62                | IDENTIFICADOR

   63 lista_parametros: parametro COMA lista_parametros
   64                 | parametro
   65                 | %empty

   66 parametro: MUT tipo IDENTIFICADOR
   67          | tipo IDENTIFICADOR

   68 tipo: TIPO_BASICO
   69     | LIST TIPO_BASICO

   70 constante: ENTERO
   71          | REAL
   72          | CARACTER
   73          | BOOL
   74          | lista

   75 lista: COR_IZQ lista_expresiones COR_DER


Terminals, with rules where they appear

    $end (0) 0
    error (256) 15 17 49
    INICIO (258) 1
    INI_VAR (259) 8
    FIN_VAR (260) 9
    PROC (261) 16
    PAR_IZQ (262) 16 33 34 35 38 40 51 52 53
    PAR_DER (263) 16 33 34 35 38 40 51 52 53
    COR_IZQ (264) 50 75
    COR_DER (265) 50 75
    PYC (266) 14 21 24 25 26 27 28 29 30
    INI_BLOQUE (267) 10
    FIN_BLOQUE (268) 11
    OP_BINARIO (269) 43
    OP_UNARIO (270) 41
    MENOS (271) 42 44
    BOOL (272) 73
    IF (273) 33 34
    WHILE (274) 35
    DO (275) 38
    UNTIL (276) 38
    RETURN (277) 39
    READ (278) 36
    PRINT (279) 37
    MUT (280) 66
    ENTERO (281) 70
    REAL (282) 71
    IDENTIFICADOR (283) 16 31 45 50 51 52 53 61 62 66 67
    TIPO_BASICO (284) 68 69
    LIST (285) 69
    INSERT (286) 51
    REMOVE (287) 52
    CADENA (288) 55 56
    COMA (289) 51 52 54 55 58 61 63
    IGUAL (290) 31 32
    CARACTER (291) 72
    ELSE (292) 34


Nonterminals, with rules where they appear

    $accept (38)
        on left: 0
    programa (39)
        on left: 1
        on right: 0
    bloque (40)
        on left: 2
        on right: 1 5 20
    declar_de_subprogs (41)
        on left: 3 4
        on right: 2 3
    declar_subprog (42)
        on left: 5
        on right: 3
    declar_variables_locales (43)
        on left: 6 7
        on right: 2
    marca_ini_declar_variables (44)
        on left: 8
        on right: 6
    marca_fin_declar_variables (45)
        on left: 9
        on right: 6
    inicio_de_bloque (46)
        on left: 10
        on right: 2
    fin_de_bloque (47)
        on left: 11
        on right: 2
    variables_locales (48)
        on left: 12 13
        on right: 6 12
    cuerpo_declar_variables (49)
        on left: 14 15
        on right: 12 13
    cabecera_subprograma (50)
        on left: 16 17
        on right: 5
    sentencias (51)
        on left: 18 19
        on right: 2 18
    sentencia (52)
        on left: 20 21 22 23 24 25 26 27 28 29 30
        on right: 18 33 34 35 38
    sentencia_asignacion (53)
        on left: 31 32
        on right: 21
    sentencia_if (54)
        on left: 33 34
        on right: 22
    sentencia_while (55)
        on left: 35
        on right: 23
    sentencia_entrada (56)
        on left: 36
        on right: 24
    sentencia_salida (57)
        on left: 37
        on right: 25
    sentencia_do_until (58)
        on left: 38
        on right: 27
    sentencia_return (59)
        on left: 39
        on right: 30
    expresion (60)
        on left: 40 41 42 43 44 45 46 47 48 49
        on right: 31 32 33 34 35 38 40 41 42 43 44 50 51 52 54 57 58 59
    acceso_lista (61)
        on left: 50
        on right: 32 48
    sentencia_anadir_elemento (62)
        on left: 51
        on right: 28
    sentencia_eliminar_elemento (63)
        on left: 52
        on right: 29
    llamada_procedimiento (64)
        on left: 53
        on right: 26 47
    lista_expresiones_o_cadena (65)
        on left: 54 55 56 57
        on right: 37 54 55
    lista_expresiones (66)
        on left: 58 59 60
        on right: 53 58 75
    lista_variables (67)
        on left: 61 62
        on right: 14 36 61
    lista_parametros (68)
        on left: 63 64 65
        on right: 16 63
    parametro (69)
        on left: 66 67
        on right: 63 64
    tipo (70)
        on left: 68 69
        on right: 14 66 67
    constante (71)
        on left: 70 71 72 73 74
        on right: 46
    lista (72)
        on left: 75
        on right: 74


State 0

    0 $accept: . programa $end

    INICIO  shift, and go to state 1

    programa  go to state 2


State 1

    1 programa: INICIO . bloque

    INI_BLOQUE  shift, and go to state 3

    bloque            go to state 4
    inicio_de_bloque  go to state 5


State 2

    0 $accept: programa . $end

    $end  shift, and go to state 6


State 3

   10 inicio_de_bloque: INI_BLOQUE .

    $default  reduce using rule 10 (inicio_de_bloque)


State 4

    1 programa: INICIO bloque .

    $default  reduce using rule 1 (programa)


State 5

    2 bloque: inicio_de_bloque . declar_variables_locales declar_de_subprogs sentencias fin_de_bloque

    INI_VAR  shift, and go to state 7

    $default  reduce using rule 7 (declar_variables_locales)

    declar_variables_locales    go to state 8
    marca_ini_declar_variables  go to state 9


State 6

    0 $accept: programa $end .

    $default  accept


State 7

    8 marca_ini_declar_variables: INI_VAR .

    $default  reduce using rule 8 (marca_ini_declar_variables)


State 8

    2 bloque: inicio_de_bloque declar_variables_locales . declar_de_subprogs sentencias fin_de_bloque

    $default  reduce using rule 4 (declar_de_subprogs)

    declar_de_subprogs  go to state 10


State 9

    6 declar_variables_locales: marca_ini_declar_variables . variables_locales marca_fin_declar_variables

    error        shift, and go to state 11
    TIPO_BASICO  shift, and go to state 12
    LIST         shift, and go to state 13

    variables_locales        go to state 14
    cuerpo_declar_variables  go to state 15
    tipo                     go to state 16


State 10

    2 bloque: inicio_de_bloque declar_variables_locales declar_de_subprogs . sentencias fin_de_bloque
    3 declar_de_subprogs: declar_de_subprogs . declar_subprog

    error  shift, and go to state 17
    PROC   shift, and go to state 18

    INI_BLOQUE     reduce using rule 19 (sentencias)
    FIN_BLOQUE     reduce using rule 19 (sentencias)
    IF             reduce using rule 19 (sentencias)
    WHILE          reduce using rule 19 (sentencias)
    DO             reduce using rule 19 (sentencias)
    RETURN         reduce using rule 19 (sentencias)
    READ           reduce using rule 19 (sentencias)
    PRINT          reduce using rule 19 (sentencias)
    IDENTIFICADOR  reduce using rule 19 (sentencias)
    INSERT         reduce using rule 19 (sentencias)
    REMOVE         reduce using rule 19 (sentencias)

    declar_subprog        go to state 19
    cabecera_subprograma  go to state 20
    sentencias            go to state 21


State 11

   15 cuerpo_declar_variables: error .

    $default  reduce using rule 15 (cuerpo_declar_variables)


State 12

   68 tipo: TIPO_BASICO .

    $default  reduce using rule 68 (tipo)


State 13

   69 tipo: LIST . TIPO_BASICO

    TIPO_BASICO  shift, and go to state 22


State 14

    6 declar_variables_locales: marca_ini_declar_variables variables_locales . marca_fin_declar_variables
   12 variables_locales: variables_locales . cuerpo_declar_variables

    error        shift, and go to state 11
    FIN_VAR      shift, and go to state 23
    TIPO_BASICO  shift, and go to state 12
    LIST         shift, and go to state 13

    marca_fin_declar_variables  go to state 24
    cuerpo_declar_variables     go to state 25
    tipo                        go to state 16


State 15

   13 variables_locales: cuerpo_declar_variables .

    $default  reduce using rule 13 (variables_locales)


State 16

   14 cuerpo_declar_variables: tipo . lista_variables PYC

    IDENTIFICADOR  shift, and go to state 26

    lista_variables  go to state 27


State 17

   17 cabecera_subprograma: error .

    $default  reduce using rule 17 (cabecera_subprograma)


State 18

   16 cabecera_subprograma: PROC . IDENTIFICADOR PAR_IZQ lista_parametros PAR_DER

    IDENTIFICADOR  shift, and go to state 28


State 19

    3 declar_de_subprogs: declar_de_subprogs declar_subprog .

    $default  reduce using rule 3 (declar_de_subprogs)


State 20

    5 declar_subprog: cabecera_subprograma . bloque

    INI_BLOQUE  shift, and go to state 3

    bloque            go to state 29
    inicio_de_bloque  go to state 5


State 21

    2 bloque: inicio_de_bloque declar_variables_locales declar_de_subprogs sentencias . fin_de_bloque
   18 sentencias: sentencias . sentencia

    INI_BLOQUE     shift, and go to state 3
    FIN_BLOQUE     shift, and go to state 30
    IF             shift, and go to state 31
    WHILE          shift, and go to state 32
    DO             shift, and go to state 33
    RETURN         shift, and go to state 34
    READ           shift, and go to state 35
    PRINT          shift, and go to state 36
    IDENTIFICADOR  shift, and go to state 37
    INSERT         shift, and go to state 38
    REMOVE         shift, and go to state 39

    bloque                       go to state 40
    inicio_de_bloque             go to state 5
    fin_de_bloque                go to state 41
    sentencia                    go to state 42
    sentencia_asignacion         go to state 43
    sentencia_if                 go to state 44
    sentencia_while              go to state 45
    sentencia_entrada            go to state 46
    sentencia_salida             go to state 47
    sentencia_do_until           go to state 48
    sentencia_return             go to state 49
    acceso_lista                 go to state 50
    sentencia_anadir_elemento    go to state 51
    sentencia_eliminar_elemento  go to state 52
    llamada_procedimiento        go to state 53


State 22

   69 tipo: LIST TIPO_BASICO .

    $default  reduce using rule 69 (tipo)


State 23

    9 marca_fin_declar_variables: FIN_VAR .

    $default  reduce using rule 9 (marca_fin_declar_variables)


State 24

    6 declar_variables_locales: marca_ini_declar_variables variables_locales marca_fin_declar_variables .

    $default  reduce using rule 6 (declar_variables_locales)


State 25

   12 variables_locales: variables_locales cuerpo_declar_variables .

    $default  reduce using rule 12 (variables_locales)


State 26

   61 lista_variables: IDENTIFICADOR . COMA lista_variables
   62                | IDENTIFICADOR .

    COMA  shift, and go to state 54

    $default  reduce using rule 62 (lista_variables)


State 27

   14 cuerpo_declar_variables: tipo lista_variables . PYC

    PYC  shift, and go to state 55


State 28

   16 cabecera_subprograma: PROC IDENTIFICADOR . PAR_IZQ lista_parametros PAR_DER

    PAR_IZQ  shift, and go to state 56


State 29

    5 declar_subprog: cabecera_subprograma bloque .

    $default  reduce using rule 5 (declar_subprog)


State 30

   11 fin_de_bloque: FIN_BLOQUE .

    $default  reduce using rule 11 (fin_de_bloque)


State 31

   33 sentencia_if: IF . PAR_IZQ expresion PAR_DER sentencia
   34             | IF . PAR_IZQ expresion PAR_DER sentencia ELSE sentencia

    PAR_IZQ  shift, and go to state 57


State 32

   35 sentencia_while: WHILE . PAR_IZQ expresion PAR_DER sentencia

    PAR_IZQ  shift, and go to state 58


State 33

   38 sentencia_do_until: DO . PAR_IZQ sentencia PAR_DER UNTIL PAR_IZQ expresion PAR_DER

    PAR_IZQ  shift, and go to state 59


State 34

   39 sentencia_return: RETURN .

    $default  reduce using rule 39 (sentencia_return)


State 35

   36 sentencia_entrada: READ . lista_variables

    IDENTIFICADOR  shift, and go to state 26

    lista_variables  go to state 60


State 36

   37 sentencia_salida: PRINT . lista_expresiones_o_cadena

    error          shift, and go to state 61
    PAR_IZQ        shift, and go to state 62
    COR_IZQ        shift, and go to state 63
    OP_UNARIO      shift, and go to state 64
    MENOS          shift, and go to state 65
    BOOL           shift, and go to state 66
    ENTERO         shift, and go to state 67
    REAL           shift, and go to state 68
    IDENTIFICADOR  shift, and go to state 69
    CADENA         shift, and go to state 70
    CARACTER       shift, and go to state 71

    expresion                   go to state 72
    acceso_lista                go to state 73
    llamada_procedimiento       go to state 74
    lista_expresiones_o_cadena  go to state 75
    constante                   go to state 76
    lista                       go to state 77


State 37

   31 sentencia_asignacion: IDENTIFICADOR . IGUAL expresion
   50 acceso_lista: IDENTIFICADOR . COR_IZQ expresion COR_DER
   53 llamada_procedimiento: IDENTIFICADOR . PAR_IZQ lista_expresiones PAR_DER

    PAR_IZQ  shift, and go to state 78
    COR_IZQ  shift, and go to state 79
    IGUAL    shift, and go to state 80


State 38

   51 sentencia_anadir_elemento: INSERT . PAR_IZQ IDENTIFICADOR COMA expresion COMA expresion PAR_DER

    PAR_IZQ  shift, and go to state 81


State 39

   52 sentencia_eliminar_elemento: REMOVE . PAR_IZQ IDENTIFICADOR COMA expresion PAR_DER

    PAR_IZQ  shift, and go to state 82


State 40

   20 sentencia: bloque .

    $default  reduce using rule 20 (sentencia)


State 41

    2 bloque: inicio_de_bloque declar_variables_locales declar_de_subprogs sentencias fin_de_bloque .

    $default  reduce using rule 2 (bloque)


State 42

   18 sentencias: sentencias sentencia .

    $default  reduce using rule 18 (sentencias)


State 43

   21 sentencia: sentencia_asignacion . PYC

    PYC  shift, and go to state 83


State 44

   22 sentencia: sentencia_if .

    $default  reduce using rule 22 (sentencia)


State 45

   23 sentencia: sentencia_while .

    $default  reduce using rule 23 (sentencia)


State 46

   24 sentencia: sentencia_entrada . PYC

    PYC  shift, and go to state 84


State 47

   25 sentencia: sentencia_salida . PYC

    PYC  shift, and go to state 85


State 48

   27 sentencia: sentencia_do_until . PYC

    PYC  shift, and go to state 86


State 49

   30 sentencia: sentencia_return . PYC

    PYC  shift, and go to state 87


State 50

   32 sentencia_asignacion: acceso_lista . IGUAL expresion

    IGUAL  shift, and go to state 88


State 51

   28 sentencia: sentencia_anadir_elemento . PYC

    PYC  shift, and go to state 89


State 52

   29 sentencia: sentencia_eliminar_elemento . PYC

    PYC  shift, and go to state 90


State 53

   26 sentencia: llamada_procedimiento . PYC

    PYC  shift, and go to state 91


State 54

   61 lista_variables: IDENTIFICADOR COMA . lista_variables

    IDENTIFICADOR  shift, and go to state 26

    lista_variables  go to state 92


State 55

   14 cuerpo_declar_variables: tipo lista_variables PYC .

    $default  reduce using rule 14 (cuerpo_declar_variables)


State 56

   16 cabecera_subprograma: PROC IDENTIFICADOR PAR_IZQ . lista_parametros PAR_DER

    MUT          shift, and go to state 93
    TIPO_BASICO  shift, and go to state 12
    LIST         shift, and go to state 13

    $default  reduce using rule 65 (lista_parametros)

    lista_parametros  go to state 94
    parametro         go to state 95
    tipo              go to state 96


State 57

   33 sentencia_if: IF PAR_IZQ . expresion PAR_DER sentencia
   34             | IF PAR_IZQ . expresion PAR_DER sentencia ELSE sentencia

    error          shift, and go to state 61
    PAR_IZQ        shift, and go to state 62
    COR_IZQ        shift, and go to state 63
    OP_UNARIO      shift, and go to state 64
    MENOS          shift, and go to state 65
    BOOL           shift, and go to state 66
    ENTERO         shift, and go to state 67
    REAL           shift, and go to state 68
    IDENTIFICADOR  shift, and go to state 69
    CARACTER       shift, and go to state 71

    expresion              go to state 97
    acceso_lista           go to state 73
    llamada_procedimiento  go to state 74
    constante              go to state 76
    lista                  go to state 77


State 58

   35 sentencia_while: WHILE PAR_IZQ . expresion PAR_DER sentencia

    error          shift, and go to state 61
    PAR_IZQ        shift, and go to state 62
    COR_IZQ        shift, and go to state 63
    OP_UNARIO      shift, and go to state 64
    MENOS          shift, and go to state 65
    BOOL           shift, and go to state 66
    ENTERO         shift, and go to state 67
    REAL           shift, and go to state 68
    IDENTIFICADOR  shift, and go to state 69
    CARACTER       shift, and go to state 71

    expresion              go to state 98
    acceso_lista           go to state 73
    llamada_procedimiento  go to state 74
    constante              go to state 76
    lista                  go to state 77


State 59

   38 sentencia_do_until: DO PAR_IZQ . sentencia PAR_DER UNTIL PAR_IZQ expresion PAR_DER

    INI_BLOQUE     shift, and go to state 3
    IF             shift, and go to state 31
    WHILE          shift, and go to state 32
    DO             shift, and go to state 33
    RETURN         shift, and go to state 34
    READ           shift, and go to state 35
    PRINT          shift, and go to state 36
    IDENTIFICADOR  shift, and go to state 37
    INSERT         shift, and go to state 38
    REMOVE         shift, and go to state 39

    bloque                       go to state 40
    inicio_de_bloque             go to state 5
    sentencia                    go to state 99
    sentencia_asignacion         go to state 43
    sentencia_if                 go to state 44
    sentencia_while              go to state 45
    sentencia_entrada            go to state 46
    sentencia_salida             go to state 47
    sentencia_do_until           go to state 48
    sentencia_return             go to state 49
    acceso_lista                 go to state 50
    sentencia_anadir_elemento    go to state 51
    sentencia_eliminar_elemento  go to state 52
    llamada_procedimiento        go to state 53


State 60

   36 sentencia_entrada: READ lista_variables .

    $default  reduce using rule 36 (sentencia_entrada)


State 61

   49 expresion: error .

    $default  reduce using rule 49 (expresion)


State 62

   40 expresion: PAR_IZQ . expresion PAR_DER

    error          shift, and go to state 61
    PAR_IZQ        shift, and go to state 62
    COR_IZQ        shift, and go to state 63
    OP_UNARIO      shift, and go to state 64
    MENOS          shift, and go to state 65
    BOOL           shift, and go to state 66
    ENTERO         shift, and go to state 67
    REAL           shift, and go to state 68
    IDENTIFICADOR  shift, and go to state 69
    CARACTER       shift, and go to state 71

    expresion              go to state 100
    acceso_lista           go to state 73
    llamada_procedimiento  go to state 74
    constante              go to state 76
    lista                  go to state 77


State 63

   75 lista: COR_IZQ . lista_expresiones COR_DER

    error          shift, and go to state 61
    PAR_IZQ        shift, and go to state 62
    COR_IZQ        shift, and go to state 63
    OP_UNARIO      shift, and go to state 64
    MENOS          shift, and go to state 65
    BOOL           shift, and go to state 66
    ENTERO         shift, and go to state 67
    REAL           shift, and go to state 68
    IDENTIFICADOR  shift, and go to state 69
    CARACTER       shift, and go to state 71

    COR_DER  reduce using rule 60 (lista_expresiones)
    COMA     reduce using rule 60 (lista_expresiones)

    expresion              go to state 101
    acceso_lista           go to state 73
    llamada_procedimiento  go to state 74
    lista_expresiones      go to state 102
    constante              go to state 76
    lista                  go to state 77


State 64

   41 expresion: OP_UNARIO . expresion

    error          shift, and go to state 61
    PAR_IZQ        shift, and go to state 62
    COR_IZQ        shift, and go to state 63
    OP_UNARIO      shift, and go to state 64
    MENOS          shift, and go to state 65
    BOOL           shift, and go to state 66
    ENTERO         shift, and go to state 67
    REAL           shift, and go to state 68
    IDENTIFICADOR  shift, and go to state 69
    CARACTER       shift, and go to state 71

    expresion              go to state 103
    acceso_lista           go to state 73
    llamada_procedimiento  go to state 74
    constante              go to state 76
    lista                  go to state 77


State 65

   42 expresion: MENOS . expresion

    error          shift, and go to state 61
    PAR_IZQ        shift, and go to state 62
    COR_IZQ        shift, and go to state 63
    OP_UNARIO      shift, and go to state 64
    MENOS          shift, and go to state 65
    BOOL           shift, and go to state 66
    ENTERO         shift, and go to state 67
    REAL           shift, and go to state 68
    IDENTIFICADOR  shift, and go to state 69
    CARACTER       shift, and go to state 71

    expresion              go to state 104
    acceso_lista           go to state 73
    llamada_procedimiento  go to state 74
    constante              go to state 76
    lista                  go to state 77


State 66

   73 constante: BOOL .

    $default  reduce using rule 73 (constante)


State 67

   70 constante: ENTERO .

    $default  reduce using rule 70 (constante)


State 68

   71 constante: REAL .

    $default  reduce using rule 71 (constante)


State 69

   45 expresion: IDENTIFICADOR .
   50 acceso_lista: IDENTIFICADOR . COR_IZQ expresion COR_DER
   53 llamada_procedimiento: IDENTIFICADOR . PAR_IZQ lista_expresiones PAR_DER

    PAR_IZQ  shift, and go to state 78
    COR_IZQ  shift, and go to state 79

    $default  reduce using rule 45 (expresion)


State 70

   56 lista_expresiones_o_cadena: CADENA .

    $default  reduce using rule 56 (lista_expresiones_o_cadena)


State 71

   72 constante: CARACTER .

    $default  reduce using rule 72 (constante)


State 72

   43 expresion: expresion . OP_BINARIO expresion
   44          | expresion . MENOS expresion
   57 lista_expresiones_o_cadena: expresion .

    OP_BINARIO  shift, and go to state 105
    MENOS       shift, and go to state 106

    $default  reduce using rule 57 (lista_expresiones_o_cadena)


State 73

   48 expresion: acceso_lista .

    $default  reduce using rule 48 (expresion)


State 74

   47 expresion: llamada_procedimiento .

    $default  reduce using rule 47 (expresion)


State 75

   37 sentencia_salida: PRINT lista_expresiones_o_cadena .
   54 lista_expresiones_o_cadena: lista_expresiones_o_cadena . COMA expresion
   55                           | lista_expresiones_o_cadena . COMA CADENA

    COMA  shift, and go to state 107

    $default  reduce using rule 37 (sentencia_salida)


State 76

   46 expresion: constante .

    $default  reduce using rule 46 (expresion)


State 77

   74 constante: lista .

    $default  reduce using rule 74 (constante)


State 78

   53 llamada_procedimiento: IDENTIFICADOR PAR_IZQ . lista_expresiones PAR_DER

    error          shift, and go to state 61
    PAR_IZQ        shift, and go to state 62
    COR_IZQ        shift, and go to state 63
    OP_UNARIO      shift, and go to state 64
    MENOS          shift, and go to state 65
    BOOL           shift, and go to state 66
    ENTERO         shift, and go to state 67
    REAL           shift, and go to state 68
    IDENTIFICADOR  shift, and go to state 69
    CARACTER       shift, and go to state 71

    PAR_DER  reduce using rule 60 (lista_expresiones)
    COMA     reduce using rule 60 (lista_expresiones)

    expresion              go to state 101
    acceso_lista           go to state 73
    llamada_procedimiento  go to state 74
    lista_expresiones      go to state 108
    constante              go to state 76
    lista                  go to state 77


State 79

   50 acceso_lista: IDENTIFICADOR COR_IZQ . expresion COR_DER

    error          shift, and go to state 61
    PAR_IZQ        shift, and go to state 62
    COR_IZQ        shift, and go to state 63
    OP_UNARIO      shift, and go to state 64
    MENOS          shift, and go to state 65
    BOOL           shift, and go to state 66
    ENTERO         shift, and go to state 67
    REAL           shift, and go to state 68
    IDENTIFICADOR  shift, and go to state 69
    CARACTER       shift, and go to state 71

    expresion              go to state 109
    acceso_lista           go to state 73
    llamada_procedimiento  go to state 74
    constante              go to state 76
    lista                  go to state 77


State 80

   31 sentencia_asignacion: IDENTIFICADOR IGUAL . expresion

    error          shift, and go to state 61
    PAR_IZQ        shift, and go to state 62
    COR_IZQ        shift, and go to state 63
    OP_UNARIO      shift, and go to state 64
    MENOS          shift, and go to state 65
    BOOL           shift, and go to state 66
    ENTERO         shift, and go to state 67
    REAL           shift, and go to state 68
    IDENTIFICADOR  shift, and go to state 69
    CARACTER       shift, and go to state 71

    expresion              go to state 110
    acceso_lista           go to state 73
    llamada_procedimiento  go to state 74
    constante              go to state 76
    lista                  go to state 77


State 81

   51 sentencia_anadir_elemento: INSERT PAR_IZQ . IDENTIFICADOR COMA expresion COMA expresion PAR_DER

    IDENTIFICADOR  shift, and go to state 111


State 82

   52 sentencia_eliminar_elemento: REMOVE PAR_IZQ . IDENTIFICADOR COMA expresion PAR_DER

    IDENTIFICADOR  shift, and go to state 112


State 83

   21 sentencia: sentencia_asignacion PYC .

    $default  reduce using rule 21 (sentencia)


State 84

   24 sentencia: sentencia_entrada PYC .

    $default  reduce using rule 24 (sentencia)


State 85

   25 sentencia: sentencia_salida PYC .

    $default  reduce using rule 25 (sentencia)


State 86

   27 sentencia: sentencia_do_until PYC .

    $default  reduce using rule 27 (sentencia)


State 87

   30 sentencia: sentencia_return PYC .

    $default  reduce using rule 30 (sentencia)


State 88

   32 sentencia_asignacion: acceso_lista IGUAL . expresion

    error          shift, and go to state 61
    PAR_IZQ        shift, and go to state 62
    COR_IZQ        shift, and go to state 63
    OP_UNARIO      shift, and go to state 64
    MENOS          shift, and go to state 65
    BOOL           shift, and go to state 66
    ENTERO         shift, and go to state 67
    REAL           shift, and go to state 68
    IDENTIFICADOR  shift, and go to state 69
    CARACTER       shift, and go to state 71

    expresion              go to state 113
    acceso_lista           go to state 73
    llamada_procedimiento  go to state 74
    constante              go to state 76
    lista                  go to state 77


State 89

   28 sentencia: sentencia_anadir_elemento PYC .

    $default  reduce using rule 28 (sentencia)


State 90

   29 sentencia: sentencia_eliminar_elemento PYC .

    $default  reduce using rule 29 (sentencia)


State 91

   26 sentencia: llamada_procedimiento PYC .

    $default  reduce using rule 26 (sentencia)


State 92

   61 lista_variables: IDENTIFICADOR COMA lista_variables .

    $default  reduce using rule 61 (lista_variables)


State 93

   66 parametro: MUT . tipo IDENTIFICADOR

    TIPO_BASICO  shift, and go to state 12
    LIST         shift, and go to state 13

    tipo  go to state 114


State 94

   16 cabecera_subprograma: PROC IDENTIFICADOR PAR_IZQ lista_parametros . PAR_DER

    PAR_DER  shift, and go to state 115


State 95

   63 lista_parametros: parametro . COMA lista_parametros
   64                 | parametro .

    COMA  shift, and go to state 116

    $default  reduce using rule 64 (lista_parametros)


State 96

   67 parametro: tipo . IDENTIFICADOR

    IDENTIFICADOR  shift, and go to state 117


State 97

   33 sentencia_if: IF PAR_IZQ expresion . PAR_DER sentencia
   34             | IF PAR_IZQ expresion . PAR_DER sentencia ELSE sentencia
   43 expresion: expresion . OP_BINARIO expresion
   44          | expresion . MENOS expresion

    PAR_DER     shift, and go to state 118
    OP_BINARIO  shift, and go to state 105
    MENOS       shift, and go to state 106


State 98

   35 sentencia_while: WHILE PAR_IZQ expresion . PAR_DER sentencia
   43 expresion: expresion . OP_BINARIO expresion
   44          | expresion . MENOS expresion

    PAR_DER     shift, and go to state 119
    OP_BINARIO  shift, and go to state 105
    MENOS       shift, and go to state 106


State 99

   38 sentencia_do_until: DO PAR_IZQ sentencia . PAR_DER UNTIL PAR_IZQ expresion PAR_DER

    PAR_DER  shift, and go to state 120


State 100

   40 expresion: PAR_IZQ expresion . PAR_DER
   43          | expresion . OP_BINARIO expresion
   44          | expresion . MENOS expresion

    PAR_DER     shift, and go to state 121
    OP_BINARIO  shift, and go to state 105
    MENOS       shift, and go to state 106


State 101

   43 expresion: expresion . OP_BINARIO expresion
   44          | expresion . MENOS expresion
   59 lista_expresiones: expresion .

    OP_BINARIO  shift, and go to state 105
    MENOS       shift, and go to state 106

    $default  reduce using rule 59 (lista_expresiones)


State 102

   58 lista_expresiones: lista_expresiones . COMA expresion
   75 lista: COR_IZQ lista_expresiones . COR_DER

    COR_DER  shift, and go to state 122
    COMA     shift, and go to state 123


State 103

   41 expresion: OP_UNARIO expresion .
   43          | expresion . OP_BINARIO expresion
   44          | expresion . MENOS expresion

    $default  reduce using rule 41 (expresion)


State 104

   42 expresion: MENOS expresion .
   43          | expresion . OP_BINARIO expresion
   44          | expresion . MENOS expresion

    $default  reduce using rule 42 (expresion)


State 105

   43 expresion: expresion OP_BINARIO . expresion

    error          shift, and go to state 61
    PAR_IZQ        shift, and go to state 62
    COR_IZQ        shift, and go to state 63
    OP_UNARIO      shift, and go to state 64
    MENOS          shift, and go to state 65
    BOOL           shift, and go to state 66
    ENTERO         shift, and go to state 67
    REAL           shift, and go to state 68
    IDENTIFICADOR  shift, and go to state 69
    CARACTER       shift, and go to state 71

    expresion              go to state 124
    acceso_lista           go to state 73
    llamada_procedimiento  go to state 74
    constante              go to state 76
    lista                  go to state 77


State 106

   44 expresion: expresion MENOS . expresion

    error          shift, and go to state 61
    PAR_IZQ        shift, and go to state 62
    COR_IZQ        shift, and go to state 63
    OP_UNARIO      shift, and go to state 64
    MENOS          shift, and go to state 65
    BOOL           shift, and go to state 66
    ENTERO         shift, and go to state 67
    REAL           shift, and go to state 68
    IDENTIFICADOR  shift, and go to state 69
    CARACTER       shift, and go to state 71

    expresion              go to state 125
    acceso_lista           go to state 73
    llamada_procedimiento  go to state 74
    constante              go to state 76
    lista                  go to state 77


State 107

   54 lista_expresiones_o_cadena: lista_expresiones_o_cadena COMA . expresion
   55                           | lista_expresiones_o_cadena COMA . CADENA

    error          shift, and go to state 61
    PAR_IZQ        shift, and go to state 62
    COR_IZQ        shift, and go to state 63
    OP_UNARIO      shift, and go to state 64
    MENOS          shift, and go to state 65
    BOOL           shift, and go to state 66
    ENTERO         shift, and go to state 67
    REAL           shift, and go to state 68
    IDENTIFICADOR  shift, and go to state 69
    CADENA         shift, and go to state 126
    CARACTER       shift, and go to state 71

    expresion              go to state 127
    acceso_lista           go to state 73
    llamada_procedimiento  go to state 74
    constante              go to state 76
    lista                  go to state 77


State 108

   53 llamada_procedimiento: IDENTIFICADOR PAR_IZQ lista_expresiones . PAR_DER
   58 lista_expresiones: lista_expresiones . COMA expresion

    PAR_DER  shift, and go to state 128
    COMA     shift, and go to state 123


State 109

   43 expresion: expresion . OP_BINARIO expresion
   44          | expresion . MENOS expresion
   50 acceso_lista: IDENTIFICADOR COR_IZQ expresion . COR_DER

    COR_DER     shift, and go to state 129
    OP_BINARIO  shift, and go to state 105
    MENOS       shift, and go to state 106


State 110

   31 sentencia_asignacion: IDENTIFICADOR IGUAL expresion .
   43 expresion: expresion . OP_BINARIO expresion
   44          | expresion . MENOS expresion

    OP_BINARIO  shift, and go to state 105
    MENOS       shift, and go to state 106

    $default  reduce using rule 31 (sentencia_asignacion)


State 111

   51 sentencia_anadir_elemento: INSERT PAR_IZQ IDENTIFICADOR . COMA expresion COMA expresion PAR_DER

    COMA  shift, and go to state 130


State 112

   52 sentencia_eliminar_elemento: REMOVE PAR_IZQ IDENTIFICADOR . COMA expresion PAR_DER

    COMA  shift, and go to state 131


State 113

   32 sentencia_asignacion: acceso_lista IGUAL expresion .
   43 expresion: expresion . OP_BINARIO expresion
   44          | expresion . MENOS expresion

    OP_BINARIO  shift, and go to state 105
    MENOS       shift, and go to state 106

    $default  reduce using rule 32 (sentencia_asignacion)


State 114

   66 parametro: MUT tipo . IDENTIFICADOR

    IDENTIFICADOR  shift, and go to state 132


State 115

   16 cabecera_subprograma: PROC IDENTIFICADOR PAR_IZQ lista_parametros PAR_DER .

    $default  reduce using rule 16 (cabecera_subprograma)


State 116

   63 lista_parametros: parametro COMA . lista_parametros

    MUT          shift, and go to state 93
    TIPO_BASICO  shift, and go to state 12
    LIST         shift, and go to state 13

    $default  reduce using rule 65 (lista_parametros)

    lista_parametros  go to state 133
    parametro         go to state 95
    tipo              go to state 96


State 117

   67 parametro: tipo IDENTIFICADOR .

    $default  reduce using rule 67 (parametro)


State 118

   33 sentencia_if: IF PAR_IZQ expresion PAR_DER . sentencia
   34             | IF PAR_IZQ expresion PAR_DER . sentencia ELSE sentencia

    INI_BLOQUE     shift, and go to state 3
    IF             shift, and go to state 31
    WHILE          shift, and go to state 32
    DO             shift, and go to state 33
    RETURN         shift, and go to state 34
    READ           shift, and go to state 35
    PRINT          shift, and go to state 36
    IDENTIFICADOR  shift, and go to state 37
    INSERT         shift, and go to state 38
    REMOVE         shift, and go to state 39

    bloque                       go to state 40
    inicio_de_bloque             go to state 5
    sentencia                    go to state 134
    sentencia_asignacion         go to state 43
    sentencia_if                 go to state 44
    sentencia_while              go to state 45
    sentencia_entrada            go to state 46
    sentencia_salida             go to state 47
    sentencia_do_until           go to state 48
    sentencia_return             go to state 49
    acceso_lista                 go to state 50
    sentencia_anadir_elemento    go to state 51
    sentencia_eliminar_elemento  go to state 52
    llamada_procedimiento        go to state 53


State 119

   35 sentencia_while: WHILE PAR_IZQ expresion PAR_DER . sentencia

    INI_BLOQUE     shift, and go to state 3
    IF             shift, and go to state 31
    WHILE          shift, and go to state 32
    DO             shift, and go to state 33
    RETURN         shift, and go to state 34
    READ           shift, and go to state 35
    PRINT          shift, and go to state 36
    IDENTIFICADOR  shift, and go to state 37
    INSERT         shift, and go to state 38
    REMOVE         shift, and go to state 39

    bloque                       go to state 40
    inicio_de_bloque             go to state 5
    sentencia                    go to state 135
    sentencia_asignacion         go to state 43
    sentencia_if                 go to state 44
    sentencia_while              go to state 45
    sentencia_entrada            go to state 46
    sentencia_salida             go to state 47
    sentencia_do_until           go to state 48
    sentencia_return             go to state 49
    acceso_lista                 go to state 50
    sentencia_anadir_elemento    go to state 51
    sentencia_eliminar_elemento  go to state 52
    llamada_procedimiento        go to state 53


State 120

   38 sentencia_do_until: DO PAR_IZQ sentencia PAR_DER . UNTIL PAR_IZQ expresion PAR_DER

    UNTIL  shift, and go to state 136


State 121

   40 expresion: PAR_IZQ expresion PAR_DER .

    $default  reduce using rule 40 (expresion)


State 122

   75 lista: COR_IZQ lista_expresiones COR_DER .

    $default  reduce using rule 75 (lista)


State 123

   58 lista_expresiones: lista_expresiones COMA . expresion

    error          shift, and go to state 61
    PAR_IZQ        shift, and go to state 62
    COR_IZQ        shift, and go to state 63
    OP_UNARIO      shift, and go to state 64
    MENOS          shift, and go to state 65
    BOOL           shift, and go to state 66
    ENTERO         shift, and go to state 67
    REAL           shift, and go to state 68
    IDENTIFICADOR  shift, and go to state 69
    CARACTER       shift, and go to state 71

    expresion              go to state 137
    acceso_lista           go to state 73
    llamada_procedimiento  go to state 74
    constante              go to state 76
    lista                  go to state 77


State 124

   43 expresion: expresion . OP_BINARIO expresion
   43          | expresion OP_BINARIO expresion .
   44          | expresion . MENOS expresion

    MENOS  shift, and go to state 106

    $default  reduce using rule 43 (expresion)


State 125

   43 expresion: expresion . OP_BINARIO expresion
   44          | expresion . MENOS expresion
   44          | expresion MENOS expresion .

    $default  reduce using rule 44 (expresion)


State 126

   55 lista_expresiones_o_cadena: lista_expresiones_o_cadena COMA CADENA .

    $default  reduce using rule 55 (lista_expresiones_o_cadena)


State 127

   43 expresion: expresion . OP_BINARIO expresion
   44          | expresion . MENOS expresion
   54 lista_expresiones_o_cadena: lista_expresiones_o_cadena COMA expresion .

    OP_BINARIO  shift, and go to state 105
    MENOS       shift, and go to state 106

    $default  reduce using rule 54 (lista_expresiones_o_cadena)


State 128

   53 llamada_procedimiento: IDENTIFICADOR PAR_IZQ lista_expresiones PAR_DER .

    $default  reduce using rule 53 (llamada_procedimiento)


State 129

   50 acceso_lista: IDENTIFICADOR COR_IZQ expresion COR_DER .

    $default  reduce using rule 50 (acceso_lista)


State 130

   51 sentencia_anadir_elemento: INSERT PAR_IZQ IDENTIFICADOR COMA . expresion COMA expresion PAR_DER

    error          shift, and go to state 61
    PAR_IZQ        shift, and go to state 62
    COR_IZQ        shift, and go to state 63
    OP_UNARIO      shift, and go to state 64
    MENOS          shift, and go to state 65
    BOOL           shift, and go to state 66
    ENTERO         shift, and go to state 67
    REAL           shift, and go to state 68
    IDENTIFICADOR  shift, and go to state 69
    CARACTER       shift, and go to state 71

    expresion              go to state 138
    acceso_lista           go to state 73
    llamada_procedimiento  go to state 74
    constante              go to state 76
    lista                  go to state 77


State 131

   52 sentencia_eliminar_elemento: REMOVE PAR_IZQ IDENTIFICADOR COMA . expresion PAR_DER

    error          shift, and go to state 61
    PAR_IZQ        shift, and go to state 62
    COR_IZQ        shift, and go to state 63
    OP_UNARIO      shift, and go to state 64
    MENOS          shift, and go to state 65
    BOOL           shift, and go to state 66
    ENTERO         shift, and go to state 67
    REAL           shift, and go to state 68
    IDENTIFICADOR  shift, and go to state 69
    CARACTER       shift, and go to state 71

    expresion              go to state 139
    acceso_lista           go to state 73
    llamada_procedimiento  go to state 74
    constante              go to state 76
    lista                  go to state 77


State 132

   66 parametro: MUT tipo IDENTIFICADOR .

    $default  reduce using rule 66 (parametro)


State 133

   63 lista_parametros: parametro COMA lista_parametros .

    $default  reduce using rule 63 (lista_parametros)


State 134

   33 sentencia_if: IF PAR_IZQ expresion PAR_DER sentencia .
   34             | IF PAR_IZQ expresion PAR_DER sentencia . ELSE sentencia

    ELSE  shift, and go to state 140

    ELSE      [reduce using rule 33 (sentencia_if)]
    $default  reduce using rule 33 (sentencia_if)


State 135

   35 sentencia_while: WHILE PAR_IZQ expresion PAR_DER sentencia .

    $default  reduce using rule 35 (sentencia_while)


State 136

   38 sentencia_do_until: DO PAR_IZQ sentencia PAR_DER UNTIL . PAR_IZQ expresion PAR_DER

    PAR_IZQ  shift, and go to state 141


State 137

   43 expresion: expresion . OP_BINARIO expresion
   44          | expresion . MENOS expresion
   58 lista_expresiones: lista_expresiones COMA expresion .

    OP_BINARIO  shift, and go to state 105
    MENOS       shift, and go to state 106

    $default  reduce using rule 58 (lista_expresiones)


State 138

   43 expresion: expresion . OP_BINARIO expresion
   44          | expresion . MENOS expresion
   51 sentencia_anadir_elemento: INSERT PAR_IZQ IDENTIFICADOR COMA expresion . COMA expresion PAR_DER

    OP_BINARIO  shift, and go to state 105
    MENOS       shift, and go to state 106
    COMA        shift, and go to state 142


State 139

   43 expresion: expresion . OP_BINARIO expresion
   44          | expresion . MENOS expresion
   52 sentencia_eliminar_elemento: REMOVE PAR_IZQ IDENTIFICADOR COMA expresion . PAR_DER

    PAR_DER     shift, and go to state 143
    OP_BINARIO  shift, and go to state 105
    MENOS       shift, and go to state 106


State 140

   34 sentencia_if: IF PAR_IZQ expresion PAR_DER sentencia ELSE . sentencia

    INI_BLOQUE     shift, and go to state 3
    IF             shift, and go to state 31
    WHILE          shift, and go to state 32
    DO             shift, and go to state 33
    RETURN         shift, and go to state 34
    READ           shift, and go to state 35
    PRINT          shift, and go to state 36
    IDENTIFICADOR  shift, and go to state 37
    INSERT         shift, and go to state 38
    REMOVE         shift, and go to state 39

    bloque                       go to state 40
    inicio_de_bloque             go to state 5
    sentencia                    go to state 144
    sentencia_asignacion         go to state 43
    sentencia_if                 go to state 44
    sentencia_while              go to state 45
    sentencia_entrada            go to state 46
    sentencia_salida             go to state 47
    sentencia_do_until           go to state 48
    sentencia_return             go to state 49
    acceso_lista                 go to state 50
    sentencia_anadir_elemento    go to state 51
    sentencia_eliminar_elemento  go to state 52
    llamada_procedimiento        go to state 53


State 141

   38 sentencia_do_until: DO PAR_IZQ sentencia PAR_DER UNTIL PAR_IZQ . expresion PAR_DER

    error          shift, and go to state 61
    PAR_IZQ        shift, and go to state 62
    COR_IZQ        shift, and go to state 63
    OP_UNARIO      shift, and go to state 64
    MENOS          shift, and go to state 65
    BOOL           shift, and go to state 66
    ENTERO         shift, and go to state 67
    REAL           shift, and go to state 68
    IDENTIFICADOR  shift, and go to state 69
    CARACTER       shift, and go to state 71

    expresion              go to state 145
    acceso_lista           go to state 73
    llamada_procedimiento  go to state 74
    constante              go to state 76
    lista                  go to state 77


State 142

   51 sentencia_anadir_elemento: INSERT PAR_IZQ IDENTIFICADOR COMA expresion COMA . expresion PAR_DER

    error          shift, and go to state 61
    PAR_IZQ        shift, and go to state 62
    COR_IZQ        shift, and go to state 63
    OP_UNARIO      shift, and go to state 64
    MENOS          shift, and go to state 65
    BOOL           shift, and go to state 66
    ENTERO         shift, and go to state 67
    REAL           shift, and go to state 68
    IDENTIFICADOR  shift, and go to state 69
    CARACTER       shift, and go to state 71

    expresion              go to state 146
    acceso_lista           go to state 73
    llamada_procedimiento  go to state 74
    constante              go to state 76
    lista                  go to state 77


State 143

   52 sentencia_eliminar_elemento: REMOVE PAR_IZQ IDENTIFICADOR COMA expresion PAR_DER .

    $default  reduce using rule 52 (sentencia_eliminar_elemento)


State 144

   34 sentencia_if: IF PAR_IZQ expresion PAR_DER sentencia ELSE sentencia .

    $default  reduce using rule 34 (sentencia_if)


State 145

   38 sentencia_do_until: DO PAR_IZQ sentencia PAR_DER UNTIL PAR_IZQ expresion . PAR_DER
   43 expresion: expresion . OP_BINARIO expresion
   44          | expresion . MENOS expresion

    PAR_DER     shift, and go to state 147
    OP_BINARIO  shift, and go to state 105
    MENOS       shift, and go to state 106


State 146

   43 expresion: expresion . OP_BINARIO expresion
   44          | expresion . MENOS expresion
   51 sentencia_anadir_elemento: INSERT PAR_IZQ IDENTIFICADOR COMA expresion COMA expresion . PAR_DER

    PAR_DER     shift, and go to state 148
    OP_BINARIO  shift, and go to state 105
    MENOS       shift, and go to state 106


State 147

   38 sentencia_do_until: DO PAR_IZQ sentencia PAR_DER UNTIL PAR_IZQ expresion PAR_DER .

    $default  reduce using rule 38 (sentencia_do_until)


State 148

   51 sentencia_anadir_elemento: INSERT PAR_IZQ IDENTIFICADOR COMA expresion COMA expresion PAR_DER .

    $default  reduce using rule 51 (sentencia_anadir_elemento)
